0 info it worked if it ends with ok
1 verbose cli [ '/home/moamen/.nvm/versions/node/v5.9.0/bin/node',
1 verbose cli   '/home/moamen/.nvm/versions/node/v5.9.0/bin/npm',
1 verbose cli   'start' ]
2 info using npm@3.7.3
3 info using node@v5.9.0
4 verbose run-script [ 'prestart', 'start', 'poststart' ]
5 info lifecycle express_website@1.0.0~prestart: express_website@1.0.0
6 silly lifecycle express_website@1.0.0~prestart: no script for prestart, continuing
7 info lifecycle express_website@1.0.0~start: express_website@1.0.0
8 verbose lifecycle express_website@1.0.0~start: unsafe-perm in lifecycle true
9 verbose lifecycle express_website@1.0.0~start: PATH: /home/moamen/.nvm/versions/node/v5.9.0/lib/node_modules/npm/bin/node-gyp-bin:/home/moamen/Desktop/nodeJSProjects/express_website/node_modules/.bin:/home/moamen/.nvm/versions/node/v5.9.0/bin:/home/moamen/.nvm/versions/node/v5.9.0/bin:/usr/local/heroku/bin:/home/moamen/.rvm/gems/ruby-2.2.1@rails2/bin:/home/moamen/.rvm/gems/ruby-2.2.1@global/bin:/home/moamen/.rvm/rubies/ruby-2.2.1/bin:/home/moamen/bin:/home/moamen/bin:/usr/local/sbin:/usr/local/bin:/usr/sbin:/usr/bin:/sbin:/bin:/usr/games:/usr/local/games:/home/moamen/.rvm/bin:/home/moamen/.rvm/bin:/usr/local/rvm/rubies/ruby-2.1.2/bin:/home/moamen/.composer/vendor/bin
10 verbose lifecycle express_website@1.0.0~start: CWD: /home/moamen/Desktop/nodeJSProjects/express_website
11 silly lifecycle express_website@1.0.0~start: Args: [ '-c', 'node ./bin/www' ]
12 silly lifecycle express_website@1.0.0~start: Returned: code: 1  signal: null
13 info lifecycle express_website@1.0.0~start: Failed to exec start script
14 verbose stack Error: express_website@1.0.0 start: `node ./bin/www`
14 verbose stack Exit status 1
14 verbose stack     at EventEmitter.<anonymous> (/home/moamen/.nvm/versions/node/v5.9.0/lib/node_modules/npm/lib/utils/lifecycle.js:239:16)
14 verbose stack     at emitTwo (events.js:100:13)
14 verbose stack     at EventEmitter.emit (events.js:185:7)
14 verbose stack     at ChildProcess.<anonymous> (/home/moamen/.nvm/versions/node/v5.9.0/lib/node_modules/npm/lib/utils/spawn.js:24:14)
14 verbose stack     at emitTwo (events.js:100:13)
14 verbose stack     at ChildProcess.emit (events.js:185:7)
14 verbose stack     at maybeClose (internal/child_process.js:850:16)
14 verbose stack     at Process.ChildProcess._handle.onexit (internal/child_process.js:215:5)
15 verbose pkgid express_website@1.0.0
16 verbose cwd /home/moamen/Desktop/nodeJSProjects/express_website
17 error Linux 3.13.0-32-generic
18 error argv "/home/moamen/.nvm/versions/node/v5.9.0/bin/node" "/home/moamen/.nvm/versions/node/v5.9.0/bin/npm" "start"
19 error node v5.9.0
20 error npm  v3.7.3
21 error code ELIFECYCLE
22 error express_website@1.0.0 start: `node ./bin/www`
22 error Exit status 1
23 error Failed at the express_website@1.0.0 start script 'node ./bin/www'.
23 error Make sure you have the latest version of node.js and npm installed.
23 error If you do, this is most likely a problem with the express_website package,
23 error not with npm itself.
23 error Tell the author that this fails on your system:
23 error     node ./bin/www
23 error You can get information on how to open an issue for this project with:
23 error     npm bugs express_website
23 error Or if that isn't available, you can get their info via:
23 error     npm owner ls express_website
23 error There is likely additional logging output above.
24 verbose exit [ 1, true ]
